# JRE version: Java(TM) SE Runtime Environment (8.0_91-b15) (build 1.8.0_91-b15)
# Java VM: Java HotSpot(TM) 64-Bit Server VM (25.91-b15 mixed mode windows-amd64 compressed oops)
Heap:
 PSYoungGen      total 402432K, used 234815K [0x00000000d5d80000, 0x00000000f2600000, 0x0000000100000000)
  eden space 386048K, 56% used [0x00000000d5d80000,0x00000000e32d7c90,0x00000000ed680000)
  from space 16384K, 99% used [0x00000000ed680000,0x00000000ee6782f0,0x00000000ee680000)
  to   space 20992K, 0% used [0x00000000f1180000,0x00000000f1180000,0x00000000f2600000)
 ParOldGen       total 89600K, used 27864K [0x0000000081800000, 0x0000000086f80000, 0x00000000d5d80000)
  object space 89600K, 31% used [0x0000000081800000,0x0000000083336120,0x0000000086f80000)
 Metaspace       used 53002K, capacity 53638K, committed 54016K, reserved 1095680K
  class space    used 6688K, capacity 6837K, committed 6912K, reserved 1048576K
GC Heap History (10 events):
Event: 6.428 GC heap before
{Heap before GC invocations=7 (full 1):
 PSYoungGen      total 138240K, used 138228K [0x00000000d5d80000, 0x00000000e5c00000, 0x0000000100000000)
  eden space 133120K, 100% used [0x00000000d5d80000,0x00000000ddf80000,0x00000000ddf80000)
  from space 5120K, 99% used [0x00000000ddf80000,0x00000000de47d030,0x00000000de480000)
  to   space 13824K, 0% used [0x00000000e4e80000,0x00000000e4e80000,0x00000000e5c00000)
 ParOldGen       total 51712K, used 13767K [0x0000000081800000, 0x0000000084a80000, 0x00000000d5d80000)
  object space 51712K, 26% used [0x0000000081800000,0x0000000082571d98,0x0000000084a80000)
 Metaspace       used 33329K, capacity 33756K, committed 34048K, reserved 1079296K
  class space    used 4182K, capacity 4338K, committed 4352K, reserved 1048576K
Event: 6.443 GC heap after
Heap after GC invocations=7 (full 1):
 PSYoungGen      total 238592K, used 10791K [0x00000000d5d80000, 0x00000000e5980000, 0x0000000100000000)
  eden space 227328K, 0% used [0x00000000d5d80000,0x00000000d5d80000,0x00000000e3b80000)
  from space 11264K, 95% used [0x00000000e4e80000,0x00000000e5909d50,0x00000000e5980000)
  to   space 14848K, 0% used [0x00000000e3c80000,0x00000000e3c80000,0x00000000e4b00000)
 ParOldGen       total 51712K, used 13775K [0x0000000081800000, 0x0000000084a80000, 0x00000000d5d80000)
  object space 51712K, 26% used [0x0000000081800000,0x0000000082573d98,0x0000000084a80000)
 Metaspace       used 33329K, capacity 33756K, committed 34048K, reserved 1079296K
  class space    used 4182K, capacity 4338K, committed 4352K, reserved 1048576K
}
Event: 6.867 GC heap before
{Heap before GC invocations=8 (full 1):
 PSYoungGen      total 238592K, used 52341K [0x00000000d5d80000, 0x00000000e5980000, 0x0000000100000000)
  eden space 227328K, 18% used [0x00000000d5d80000,0x00000000d86138b0,0x00000000e3b80000)
  from space 11264K, 95% used [0x00000000e4e80000,0x00000000e5909d50,0x00000000e5980000)
  to   space 14848K, 0% used [0x00000000e3c80000,0x00000000e3c80000,0x00000000e4b00000)
 ParOldGen       total 51712K, used 13775K [0x0000000081800000, 0x0000000084a80000, 0x00000000d5d80000)
  object space 51712K, 26% used [0x0000000081800000,0x0000000082573d98,0x0000000084a80000)
 Metaspace       used 34910K, capacity 35296K, committed 35496K, reserved 1081344K
  class space    used 4418K, capacity 4568K, committed 4608K, reserved 1048576K
Event: 6.884 GC heap after
Heap after GC invocations=8 (full 1):
 PSYoungGen      total 243200K, used 10154K [0x00000000d5d80000, 0x00000000ef700000, 0x0000000100000000)
  eden space 228352K, 0% used [0x00000000d5d80000,0x00000000d5d80000,0x00000000e3c80000)
  from space 14848K, 68% used [0x00000000e3c80000,0x00000000e466a828,0x00000000e4b00000)
  to   space 14848K, 0% used [0x00000000ee880000,0x00000000ee880000,0x00000000ef700000)
 ParOldGen       total 51712K, used 13783K [0x0000000081800000, 0x0000000084a80000, 0x00000000d5d80000)
  object space 51712K, 26% used [0x0000000081800000,0x0000000082575d98,0x0000000084a80000)
 Metaspace       used 34910K, capacity 35296K, committed 35496K, reserved 1081344K
  class space    used 4418K, capacity 4568K, committed 4608K, reserved 1048576K
}
Event: 6.884 GC heap before
{Heap before GC invocations=9 (full 2):
 PSYoungGen      total 243200K, used 10154K [0x00000000d5d80000, 0x00000000ef700000, 0x0000000100000000)
  eden space 228352K, 0% used [0x00000000d5d80000,0x00000000d5d80000,0x00000000e3c80000)
  from space 14848K, 68% used [0x00000000e3c80000,0x00000000e466a828,0x00000000e4b00000)
  to   space 14848K, 0% used [0x00000000ee880000,0x00000000ee880000,0x00000000ef700000)
 ParOldGen       total 51712K, used 13783K [0x0000000081800000, 0x0000000084a80000, 0x00000000d5d80000)
  object space 51712K, 26% used [0x0000000081800000,0x0000000082575d98,0x0000000084a80000)
 Metaspace       used 34910K, capacity 35296K, committed 35496K, reserved 1081344K
  class space    used 4418K, capacity 4568K, committed 4608K, reserved 1048576K
Event: 7.101 GC heap after
Heap after GC invocations=9 (full 2):
 PSYoungGen      total 243200K, used 0K [0x00000000d5d80000, 0x00000000ef700000, 0x0000000100000000)
  eden space 228352K, 0% used [0x00000000d5d80000,0x00000000d5d80000,0x00000000e3c80000)
  from space 14848K, 0% used [0x00000000e3c80000,0x00000000e3c80000,0x00000000e4b00000)
  to   space 14848K, 0% used [0x00000000ee880000,0x00000000ee880000,0x00000000ef700000)
 ParOldGen       total 89600K, used 21985K [0x0000000081800000, 0x0000000086f80000, 0x00000000d5d80000)
  object space 89600K, 24% used [0x0000000081800000,0x0000000082d784f8,0x0000000086f80000)
 Metaspace       used 34910K, capacity 35296K, committed 35496K, reserved 1081344K
  class space    used 4418K, capacity 4568K, committed 4608K, reserved 1048576K
}
Event: 15.944 GC heap before
{Heap before GC invocations=10 (full 2):
 PSYoungGen      total 243200K, used 228352K [0x00000000d5d80000, 0x00000000ef700000, 0x0000000100000000)
  eden space 228352K, 100% used [0x00000000d5d80000,0x00000000e3c80000,0x00000000e3c80000)
  from space 14848K, 0% used [0x00000000e3c80000,0x00000000e3c80000,0x00000000e4b00000)
  to   space 14848K, 0% used [0x00000000ee880000,0x00000000ee880000,0x00000000ef700000)
 ParOldGen       total 89600K, used 21985K [0x0000000081800000, 0x0000000086f80000, 0x00000000d5d80000)
  object space 89600K, 24% used [0x0000000081800000,0x0000000082d784f8,0x0000000086f80000)
 Metaspace       used 42535K, capacity 43056K, committed 43392K, reserved 1087488K
  class space    used 5324K, capacity 5462K, committed 5504K, reserved 1048576K
Event: 15.960 GC heap after
Heap after GC invocations=10 (full 2):
 PSYoungGen      total 350208K, used 14317K [0x00000000d5d80000, 0x00000000ef680000, 0x0000000100000000)
  eden space 335872K, 0% used [0x00000000d5d80000,0x00000000d5d80000,0x00000000ea580000)
  from space 14336K, 99% used [0x00000000ee880000,0x00000000ef67b4d0,0x00000000ef680000)
  to   space 16384K, 0% used [0x00000000ed680000,0x00000000ed680000,0x00000000ee680000)
 ParOldGen       total 89600K, used 21993K [0x0000000081800000, 0x0000000086f80000, 0x00000000d5d80000)
  object space 89600K, 24% used [0x0000000081800000,0x0000000082d7a4f8,0x0000000086f80000)
 Metaspace       used 42535K, capacity 43056K, committed 43392K, reserved 1087488K
  class space    used 5324K, capacity 5462K, committed 5504K, reserved 1048576K
}
Event: 18.745 GC heap before
{Heap before GC invocations=11 (full 2):
 PSYoungGen      total 350208K, used 350189K [0x00000000d5d80000, 0x00000000ef680000, 0x0000000100000000)
  eden space 335872K, 100% used [0x00000000d5d80000,0x00000000ea580000,0x00000000ea580000)
  from space 14336K, 99% used [0x00000000ee880000,0x00000000ef67b4d0,0x00000000ef680000)
  to   space 16384K, 0% used [0x00000000ed680000,0x00000000ed680000,0x00000000ee680000)
 ParOldGen       total 89600K, used 21993K [0x0000000081800000, 0x0000000086f80000, 0x00000000d5d80000)
  object space 89600K, 24% used [0x0000000081800000,0x0000000082d7a4f8,0x0000000086f80000)
 Metaspace       used 46844K, capacity 47548K, committed 47872K, reserved 1091584K
  class space    used 5868K, capacity 6056K, committed 6144K, reserved 1048576K
Event: 18.788 GC heap after
Heap after GC invocations=11 (full 2):
 PSYoungGen      total 402432K, used 16352K [0x00000000d5d80000, 0x00000000f2600000, 0x0000000100000000)
  eden space 386048K, 0% used [0x00000000d5d80000,0x00000000d5d80000,0x00000000ed680000)
  from space 16384K, 99% used [0x00000000ed680000,0x00000000ee6782f0,0x00000000ee680000)
  to   space 20992K, 0% used [0x00000000f1180000,0x00000000f1180000,0x00000000f2600000)
 ParOldGen       total 89600K, used 27864K [0x0000000081800000, 0x0000000086f80000, 0x00000000d5d80000)
  object space 89600K, 31% used [0x0000000081800000,0x0000000083336120,0x0000000086f80000)
 Metaspace       used 46844K, capacity 47548K, committed 47872K, reserved 1091584K
  class space    used 5868K, capacity 6056K, committed 6144K, reserved 1048576K
}

